<?xml version="1.0" encoding="UTF-8"?>
<testsuite name="Cucumber" time="15.89" tests="9" skipped="0" failures="9" errors="0">
<testcase classname="Google search test" name="To test the google search in chrome browser" time="15.681">
<failure type="org.openqa.selenium.WebDriverException" message="disconnected: not connected to DevTools
  (failed to check if window was closed: disconnected: not connected to DevTools)
  (Session info: chrome=130.0.6723.59)
Build info: version: '4.25.0', revision: '8a8aea2337'
System info: os.name: 'Windows 11', os.arch: 'amd64', os.version: '10.0', java.version: '17.0.12'
Driver info: org.openqa.selenium.chrome.ChromeDriver
Command: [b160f31634f9c6aace9474ab136b2e71, close {}]
Capabilities {acceptInsecureCerts: false, browserName: chrome, browserVersion: 130.0.6723.59, chrome: {chromedriverVersion: 129.0.6668.70 (df87d5cf12b1..., userDataDir: C:\Users\arvin\AppData\Loca...}, fedcm:accounts: true, goog:chromeOptions: {debuggerAddress: localhost:58129}, networkConnectionEnabled: false, pageLoadStrategy: normal, platformName: windows, proxy: Proxy(), se:cdp: ws://localhost:58129/devtoo..., se:cdpVersion: 130.0.6723.59, setWindowRect: true, strictFileInteractability: false, timeouts: {implicit: 0, pageLoad: 300000, script: 30000}, unhandledPromptBehavior: dismiss and notify, webauthn:extension:credBlob: true, webauthn:extension:largeBlob: true, webauthn:extension:minPinLength: true, webauthn:extension:prf: true, webauthn:virtualAuthenticators: true}
Session ID: b160f31634f9c6aace9474ab136b2e71">
<![CDATA[org.openqa.selenium.WebDriverException: disconnected: not connected to DevTools
  (failed to check if window was closed: disconnected: not connected to DevTools)
  (Session info: chrome=130.0.6723.59)
Build info: version: '4.25.0', revision: '8a8aea2337'
System info: os.name: 'Windows 11', os.arch: 'amd64', os.version: '10.0', java.version: '17.0.12'
Driver info: org.openqa.selenium.chrome.ChromeDriver
Command: [b160f31634f9c6aace9474ab136b2e71, close {}]
Capabilities {acceptInsecureCerts: false, browserName: chrome, browserVersion: 130.0.6723.59, chrome: {chromedriverVersion: 129.0.6668.70 (df87d5cf12b1..., userDataDir: C:\Users\arvin\AppData\Loca...}, fedcm:accounts: true, goog:chromeOptions: {debuggerAddress: localhost:58129}, networkConnectionEnabled: false, pageLoadStrategy: normal, platformName: windows, proxy: Proxy(), se:cdp: ws://localhost:58129/devtoo..., se:cdpVersion: 130.0.6723.59, setWindowRect: true, strictFileInteractability: false, timeouts: {implicit: 0, pageLoad: 300000, script: 30000}, unhandledPromptBehavior: dismiss and notify, webauthn:extension:credBlob: true, webauthn:extension:largeBlob: true, webauthn:extension:minPinLength: true, webauthn:extension:prf: true, webauthn:virtualAuthenticators: true}
Session ID: b160f31634f9c6aace9474ab136b2e71
	at java.base/jdk.internal.reflect.NativeConstructorAccessorImpl.newInstance0(Native Method)
	at java.base/jdk.internal.reflect.NativeConstructorAccessorImpl.newInstance(NativeConstructorAccessorImpl.java:77)
	at java.base/jdk.internal.reflect.DelegatingConstructorAccessorImpl.newInstance(DelegatingConstructorAccessorImpl.java:45)
	at java.base/java.lang.reflect.Constructor.newInstanceWithCaller(Constructor.java:499)
	at java.base/java.lang.reflect.Constructor.newInstance(Constructor.java:480)
	at org.openqa.selenium.remote.ErrorCodec.decode(ErrorCodec.java:167)
	at org.openqa.selenium.remote.codec.w3c.W3CHttpResponseCodec.decode(W3CHttpResponseCodec.java:138)
	at org.openqa.selenium.remote.codec.w3c.W3CHttpResponseCodec.decode(W3CHttpResponseCodec.java:50)
	at org.openqa.selenium.remote.HttpCommandExecutor.execute(HttpCommandExecutor.java:190)
	at org.openqa.selenium.remote.service.DriverCommandExecutor.invokeExecute(DriverCommandExecutor.java:216)
	at org.openqa.selenium.remote.service.DriverCommandExecutor.execute(DriverCommandExecutor.java:174)
	at org.openqa.selenium.remote.RemoteWebDriver.execute(RemoteWebDriver.java:545)
	at org.openqa.selenium.remote.RemoteWebDriver.execute(RemoteWebDriver.java:618)
	at org.openqa.selenium.remote.RemoteWebDriver.execute(RemoteWebDriver.java:622)
	at org.openqa.selenium.remote.RemoteWebDriver.close(RemoteWebDriver.java:418)
	at StepDefinitions.GoogleSearch.user_is_navigated_to_search_result(GoogleSearch.java:66)
	at âœ½.User is navigated to search result(file:///C:/Users/arvin/eclipse-workspace/CucumberTest/src/test/resources/features/GoogleSearch.feature:8)
]]>
</failure>
<system-out><![CDATA[
Given Browser is open.......................................................passed
And User is goging to search page...........................................passed
When User enter text in Search box..........................................passed
And hit enter button........................................................passed
Then User is navigated to search result.....................................failed
]]></system-out>
</testcase>
<testcase classname="test the multiple user login" name="Check if login is heappening with gievn data - #1.1" time="0.005">
<failure/>
<system-out><![CDATA[
Given browser is open.......................................................undefined
And Login page is open......................................................skipped
When user enters standard_user and secret_sauce.............................skipped
And click on login button...................................................skipped
Then user is navidate to home page..........................................skipped
]]></system-out>
</testcase>
<testcase classname="test the multiple user login" name="Check if login is heappening with gievn data - #1.2" time="0.002">
<failure/>
<system-out><![CDATA[
Given browser is open.......................................................undefined
And Login page is open......................................................skipped
When user enters locked_out_user and secret_sauce...........................skipped
And click on login button...................................................skipped
Then user is navidate to home page..........................................skipped
]]></system-out>
</testcase>
<testcase classname="test the multiple user login" name="Check if login is heappening with gievn data - #1.3" time="0.004">
<failure/>
<system-out><![CDATA[
Given browser is open.......................................................undefined
And Login page is open......................................................skipped
When user enters problem_user and secret_sauce..............................skipped
And click on login button...................................................skipped
Then user is navidate to home page..........................................skipped
]]></system-out>
</testcase>
<testcase classname="test the multiple user login" name="Check if login is heappening with gievn data - #1.4" time="0.002">
<failure/>
<system-out><![CDATA[
Given browser is open.......................................................undefined
And Login page is open......................................................skipped
When user enters visual_user and secret_sauce...............................skipped
And click on login button...................................................skipped
Then user is navidate to home page..........................................skipped
]]></system-out>
</testcase>
<testcase classname="feature to test login functionality" name="Check login is sucessful with valid credentials - #1.1" time="0.004">
<failure/>
<system-out><![CDATA[
Given user is on login page.................................................undefined
When user enter standard_user and secret_sauce..............................skipped
And click on the login button...............................................skipped
Then user id navigate to home page..........................................skipped
]]></system-out>
</testcase>
<testcase classname="feature to test login functionality" name="Check login is sucessful with valid credentials - #1.2" time="0.001">
<failure/>
<system-out><![CDATA[
Given user is on login page.................................................undefined
When user enter locked_out_user and secret_sauce............................skipped
And click on the login button...............................................skipped
Then user id navigate to home page..........................................skipped
]]></system-out>
</testcase>
<testcase classname="feature to test login functionality" name="Check login is sucessful with valid credentials - #1.3" time="0.003">
<failure/>
<system-out><![CDATA[
Given user is on login page.................................................undefined
When user enter problem_user and secret_sauce...............................skipped
And click on the login button...............................................skipped
Then user id navigate to home page..........................................skipped
]]></system-out>
</testcase>
<testcase classname="feature to test login functionality" name="Check login is sucessful with valid credentials - #1.4" time="0.002">
<failure/>
<system-out><![CDATA[
Given user is on login page.................................................undefined
When user enter visual_user and secret_sauce................................skipped
And click on the login button...............................................skipped
Then user id navigate to home page..........................................skipped
]]></system-out>
</testcase>
</testsuite>
